2008-12-12 19:22:14 Notice: Notice (8): Undefined index:  username in [CORE/cake/libs/controller/components/auth.php, line 316]
2008-12-13 14:58:28 Notice: Notice (8): Undefined variable: _SESSION in [APP/controllers/contents_controller.php, line 10]
2008-12-13 15:51:20 Notice: Notice (8): Undefined variable: contents in [APP/views/contents/admin_index.ctp, line 8]
2008-12-13 15:59:08 Notice: Notice (8): Undefined variable: javascript in [APP/views/layouts/admin.ctp, line 19]
2008-12-13 16:01:19 Notice: Notice (8): Undefined index:  admin in [APP/controllers/contents_controller.php, line 8]
2008-12-13 17:40:31 Notice: Notice (8): Undefined property: UsersController::$Auth in [APP/controllers/users_controller.php, line 9]
2008-12-13 17:52:11 Notice: Notice (8): Undefined variable: status_id in [APP/views/contents/admin_add.ctp, line 8]
2008-12-13 17:52:47 Notice: Notice (8): Undefined variable: status_id in [APP/views/contents/admin_add.ctp, line 8]
2008-12-13 17:53:34 Notice: Notice (8): Undefined variable: status_id in [APP/views/contents/admin_add.ctp, line 9]
2008-12-13 17:53:44 Notice: Notice (8): Undefined variable: status_id in [APP/views/contents/admin_add.ctp, line 9]
2008-12-13 17:53:52 Notice: Notice (8): Undefined variable: status_id in [APP/views/contents/admin_add.ctp, line 9]
2008-12-13 17:54:21 Notice: Notice (8): Undefined variable: status_id in [APP/views/contents/admin_add.ctp, line 9]
2008-12-13 18:18:36 Notice: Notice (8): Undefined variable: javascript in [APP/views/layouts/admin.ctp, line 19]
2008-12-13 18:18:57 Notice: Notice (8): Undefined variable: form in [APP/views/config/admin_index.ctp, line 3]
2008-12-13 18:26:06 Notice: Notice (8): Undefined variable: data in [APP/views/config/admin_index.ctp, line 1]
2008-12-13 18:26:36 Notice: Notice (8): Undefined variable: site_name in [APP/views/layouts/admin.ctp, line 6]
2008-12-13 18:27:03 Notice: Notice (8): Undefined variable: site_name in [APP/views/layouts/admin.ctp, line 6]
2008-12-13 18:27:04 Notice: Notice (8): Undefined variable: site_name in [APP/views/layouts/admin.ctp, line 6]
2008-12-13 18:27:10 Notice: Notice (8): Undefined variable: site_name in [APP/views/layouts/admin.ctp, line 6]
2008-12-13 18:27:16 Notice: Notice (8): Undefined variable: site_name in [APP/views/layouts/admin.ctp, line 6]
2008-12-13 18:28:58 Notice: Notice (8): Undefined variable: site_name in [APP/views/layouts/admin.ctp, line 6]
2008-12-13 18:29:01 Notice: Notice (8): Undefined variable: site_name in [APP/views/layouts/admin.ctp, line 6]
2008-12-13 18:29:17 Notice: Notice (8): Undefined variable: site_name in [APP/views/layouts/admin.ctp, line 6]
2008-12-13 18:29:18 Notice: Notice (8): Undefined variable: site_name in [APP/views/layouts/admin.ctp, line 6]
2008-12-13 18:32:30 Notice: Notice (8): Undefined variable: site_name in [APP/views/layouts/admin.ctp, line 6]
2008-12-13 18:32:36 Notice: Notice (8): Undefined variable: site_name in [APP/views/layouts/admin.ctp, line 6]
2008-12-13 18:32:39 Notice: Notice (8): Undefined variable: site_name in [APP/views/layouts/admin.ctp, line 6]
2008-12-13 18:33:22 Notice: Notice (8): Undefined variable: site_name in [APP/views/layouts/admin.ctp, line 6]
2008-12-13 18:43:25 Notice: Notice (8): Undefined variable: site_name in [APP/views/layouts/admin.ctp, line 6]
2008-12-13 18:43:28 Notice: Notice (8): Undefined variable: site_name in [APP/views/layouts/admin.ctp, line 6]
2008-12-13 18:56:01 Notice: Notice (8): Undefined variable: site_name in [APP/views/layouts/admin.ctp, line 6]
2008-12-13 18:56:03 Notice: Notice (8): Undefined variable: site_name in [APP/views/layouts/admin.ctp, line 6]
2008-12-13 18:57:18 Notice: Notice (8): Undefined variable: site_name in [APP/views/layouts/admin.ctp, line 6]
2008-12-13 18:57:35 Notice: Notice (8): Undefined variable: site_name in [APP/views/layouts/admin.ctp, line 6]
2008-12-13 18:57:41 Notice: Notice (8): Undefined variable: site_name in [APP/views/layouts/admin.ctp, line 6]
2008-12-13 19:54:09 Notice: Notice (8): Undefined property: UsersController::$Content in [APP/controllers/users_controller.php, line 21]
2008-12-13 19:54:09 Notice: Notice (8): Trying to get property of non-object in [APP/controllers/users_controller.php, line 21]
2008-12-13 20:52:25 Notice: Notice (8): Undefined variable: _SESSION in [APP/app_controller.php, line 44]
2008-12-13 21:22:29 Notice: Notice (8): Undefined property: UsersController::$Auth in [APP/controllers/users_controller.php, line 10]
2008-12-13 21:22:39 Notice: Notice (8): Undefined property: UsersController::$Auth in [APP/controllers/users_controller.php, line 22]
2008-12-13 22:27:04 Notice: Notice (8): Undefined variable: jqueryForm in [APP/views/elements/comment.ctp, line 4]
2008-12-13 22:47:52 Notice: Notice (8): Undefined index:  Comment in [APP/views/content/index.ctp, line 27]
2008-12-13 22:48:15 Notice: Notice (8): Undefined index:  Comment in [APP/views/content/index.ctp, line 27]
2008-12-13 22:48:28 Notice: Notice (8): Undefined index:  Comment in [APP/views/content/index.ctp, line 29]
2008-12-13 22:49:41 Notice: Notice (8): Undefined index:  Comment in [APP/views/content/index.ctp, line 29]
2008-12-13 23:05:00 Notice: Notice (8): Undefined property: UsersController::$Comment in [APP/app_controller.php, line 60]
2008-12-13 23:05:00 Notice: Notice (8): Trying to get property of non-object in [APP/app_controller.php, line 60]
2008-12-13 23:15:58 Notice: Notice (8): Undefined property: View::$validationError in [APP/views/content/index.ctp, line 34]
2008-12-13 23:43:26 Notice: Notice (8): Undefined property: InstallController::$Config in [APP/app_controller.php, line 80]
2008-12-13 23:44:41 Notice: Notice (8): Undefined variable: site_name in [APP/views/layouts/default.ctp, line 6]
2008-12-13 23:44:57 Notice: Notice (8): Undefined variable: site_name in [APP/views/layouts/default.ctp, line 6]
2008-12-13 23:45:06 Notice: Notice (8): Undefined variable: site_name in [APP/views/layouts/default.ctp, line 6]
2008-12-13 23:45:15 Notice: Notice (8): Undefined variable: site_name in [APP/views/layouts/default.ctp, line 6]
2008-12-13 23:46:25 Notice: Notice (8): Undefined variable: site_name in [APP/views/layouts/default.ctp, line 6]
2008-12-13 23:46:30 Notice: Notice (8): Undefined variable: site_name in [APP/views/layouts/default.ctp, line 6]
2008-12-13 23:46:41 Notice: Notice (8): Undefined variable: site_name in [APP/views/layouts/default.ctp, line 6]
2008-12-13 23:46:58 Notice: Notice (8): Undefined variable: site_name in [APP/views/layouts/default.ctp, line 6]
2008-12-13 23:47:21 Notice: Notice (8): Undefined variable: site_name in [APP/views/layouts/default.ctp, line 6]
2008-12-13 23:47:36 Notice: Notice (8): Undefined variable: site_name in [APP/views/layouts/default.ctp, line 6]
2008-12-13 23:47:38 Notice: Notice (8): Undefined variable: site_name in [APP/views/layouts/default.ctp, line 6]
2008-12-13 23:48:03 Notice: Notice (8): Undefined variable: site_name in [APP/views/layouts/default.ctp, line 6]
2008-12-13 23:48:32 Notice: Notice (8): Undefined variable: site_name in [APP/views/layouts/default.ctp, line 6]
2008-12-13 23:51:04 Notice: Notice (8): Undefined variable: site_name in [APP/views/layouts/default.ctp, line 6]
2008-12-13 23:55:38 Notice: Notice (8): Undefined variable: site_name in [APP/views/layouts/default.ctp, line 6]
2008-12-13 23:56:05 Notice: Notice (8): Undefined variable: site_name in [APP/views/layouts/default.ctp, line 6]
2008-12-13 23:56:58 Notice: Notice (8): Undefined variable: site_name in [APP/views/layouts/default.ctp, line 6]
2008-12-13 23:58:43 Notice: Notice (8): Undefined variable: site_name in [APP/views/layouts/default.ctp, line 6]
2008-12-14 00:03:08 Notice: Notice (8): Undefined variable: site_name in [APP/views/layouts/default.ctp, line 6]
2008-12-14 00:03:49 Notice: Notice (8): Undefined index:  Install in [APP/controllers/install_controller.php, line 15]
2008-12-14 00:03:49 Notice: Notice (8): Undefined variable: host in [APP/controllers/install_controller.php, line 23]
2008-12-14 00:03:49 Notice: Notice (8): Undefined variable: username in [APP/controllers/install_controller.php, line 24]
2008-12-14 00:03:49 Notice: Notice (8): Undefined variable: password in [APP/controllers/install_controller.php, line 25]
2008-12-14 00:03:49 Notice: Notice (8): Undefined variable: database in [APP/controllers/install_controller.php, line 28]
2008-12-14 00:03:51 Notice: Notice (8): Undefined variable: site_name in [APP/views/layouts/default.ctp, line 6]
2008-12-14 00:03:53 Notice: Notice (8): Undefined variable: site_name in [APP/views/layouts/default.ctp, line 6]
2008-12-14 00:04:11 Notice: Notice (8): Undefined variable: site_name in [APP/views/layouts/default.ctp, line 6]
2008-12-14 00:04:13 Notice: Notice (8): Undefined variable: site_name in [APP/views/layouts/default.ctp, line 6]
2008-12-14 00:05:55 Notice: Notice (8): Undefined variable: site_name in [APP/views/layouts/default.ctp, line 6]
2008-12-14 00:06:20 Notice: Notice (8): Undefined variable: site_name in [APP/views/layouts/default.ctp, line 6]
2008-12-14 00:06:48 Notice: Notice (8): Undefined variable: site_name in [APP/views/layouts/default.ctp, line 6]
2008-12-14 00:07:12 Notice: Notice (8): Undefined variable: site_name in [APP/views/layouts/default.ctp, line 6]
2008-12-14 00:07:20 Notice: Notice (8): Undefined variable: site_name in [APP/views/layouts/default.ctp, line 6]
2008-12-14 00:08:24 Notice: Notice (8): Undefined variable: site_name in [APP/views/layouts/default.ctp, line 6]
2008-12-14 00:11:29 Notice: Notice (8): Undefined variable: site_name in [APP/views/layouts/default.ctp, line 6]
2008-12-14 00:11:37 Notice: Notice (8): Undefined variable: site_name in [APP/views/layouts/default.ctp, line 6]
2008-12-14 00:12:17 Notice: Notice (8): Undefined variable: site_name in [APP/views/layouts/default.ctp, line 6]
2008-12-14 00:12:19 Notice: Notice (8): Undefined variable: site_name in [APP/views/layouts/default.ctp, line 6]
2008-12-14 00:14:02 Notice: Notice (8): Undefined variable: site_name in [APP/views/layouts/default.ctp, line 6]
2008-12-14 00:16:24 Notice: Notice (8): Undefined variable: site_name in [APP/views/layouts/default.ctp, line 6]
2008-12-14 00:16:28 Notice: Notice (8): Undefined variable: site_name in [APP/views/layouts/default.ctp, line 6]
2008-12-14 00:16:44 Notice: Notice (8): Undefined variable: site_name in [APP/views/layouts/default.ctp, line 6]
2008-12-14 00:17:06 Notice: Notice (8): Undefined variable: site_name in [APP/views/layouts/default.ctp, line 6]
2008-12-14 00:17:34 Notice: Notice (8): Undefined variable: site_name in [APP/views/layouts/default.ctp, line 6]
2008-12-14 00:18:28 Notice: Notice (8): Undefined variable: dir in [APP/controllers/install_controller.php, line 21]
2008-12-14 00:18:28 Notice: Notice (8): Undefined variable: site_name in [APP/views/layouts/default.ctp, line 6]
2008-12-14 00:20:38 Notice: Notice (8): Undefined variable: site_name in [APP/views/layouts/default.ctp, line 6]
2008-12-14 00:20:53 Notice: Notice (8): Undefined variable: site_name in [APP/views/layouts/default.ctp, line 6]
2008-12-14 00:21:45 Notice: Notice (8): Undefined variable: site_name in [APP/views/layouts/default.ctp, line 6]
2008-12-14 00:22:37 Notice: Notice (8): Undefined variable: site_name in [APP/views/layouts/default.ctp, line 6]
2008-12-14 00:22:39 Notice: Notice (8): Undefined variable: site_name in [APP/views/layouts/default.ctp, line 6]
2008-12-14 00:23:28 Notice: Notice (8): Undefined variable: site_name in [APP/views/layouts/default.ctp, line 6]
2008-12-14 00:23:36 Notice: Notice (8): Undefined variable: site_name in [APP/views/layouts/default.ctp, line 6]
2008-12-14 00:23:41 Notice: Notice (8): Undefined variable: site_name in [APP/views/layouts/default.ctp, line 6]
2008-12-14 00:24:34 Notice: Notice (8): Undefined variable: site_name in [APP/views/layouts/default.ctp, line 6]
2008-12-14 00:58:45 Notice: Notice (8): Use of undefined constant WWW - assumed 'WWW' in [APP/app_controller.php, line 64]
2008-12-14 01:01:36 Notice: Notice (8): Undefined variable: url in [CORE/cake/libs/router.php, line 409]
2008-12-14 01:29:55 Notice: Notice (8): Undefined property: CakeErrorController::$Config in [APP/app_controller.php, line 90]
2008-12-14 01:31:11 Notice: Notice (8): Undefined property: CakeErrorController::$Config in [APP/app_controller.php, line 91]
2008-12-14 01:31:29 Notice: Notice (8): Undefined property: CakeErrorController::$Config in [APP/app_controller.php, line 91]
2008-12-14 01:31:47 Notice: Notice (8): Undefined property: CakeErrorController::$Config in [APP/app_controller.php, line 93]
2008-12-14 01:32:49 Notice: Notice (8): Undefined property: CakeErrorController::$Config in [APP/app_controller.php, line 94]
2008-12-14 01:32:51 Notice: Notice (8): Undefined property: CakeErrorController::$Config in [APP/app_controller.php, line 94]
2008-12-14 01:33:05 Notice: Notice (8): Undefined property: CakeErrorController::$Config in [APP/app_controller.php, line 95]
2008-12-14 01:33:25 Notice: Notice (8): Undefined property: CakeErrorController::$Config in [APP/app_controller.php, line 93]
2008-12-14 01:33:34 Notice: Notice (8): Undefined property: CakeErrorController::$Config in [APP/app_controller.php, line 94]
2008-12-14 01:33:35 Notice: Notice (8): Undefined property: CakeErrorController::$Config in [APP/app_controller.php, line 94]
2008-12-14 01:33:43 Notice: Notice (8): Undefined property: CakeErrorController::$Config in [APP/app_controller.php, line 95]
2008-12-14 01:34:45 Notice: Notice (8): Undefined property: CakeErrorController::$Config in [APP/app_controller.php, line 92]
2008-12-14 01:35:32 Notice: Notice (8): Undefined index:  url in [APP/app_controller.php, line 63]
2008-12-14 01:35:43 Notice: Notice (8): Undefined index:  url in [APP/app_controller.php, line 63]
2008-12-14 01:35:45 Notice: Notice (8): Undefined index:  url in [APP/app_controller.php, line 63]
2008-12-14 01:35:51 Notice: Notice (8): Undefined index:  url in [APP/app_controller.php, line 63]
2008-12-14 01:36:24 Notice: Notice (8): Undefined index:  url in [APP/app_controller.php, line 64]
2008-12-14 01:36:49 Notice: Notice (8): Undefined property: CakeErrorController::$Config in [APP/app_controller.php, line 92]
2008-12-14 01:37:45 Notice: Notice (8): Undefined property: stdClass::$alias in [CORE/cake/libs/controller/controller.php, line 952]
2008-12-14 01:37:52 Notice: Notice (8): Undefined property: CakeErrorController::$Config in [APP/app_controller.php, line 92]
2008-12-14 01:40:16 Notice: Notice (8): Undefined property: CakeErrorController::$Config in [APP/app_controller.php, line 92]
2008-12-14 01:43:43 Notice: Notice (8): Undefined property: stdClass::$alias in [CORE/cake/libs/controller/controller.php, line 952]
2008-12-14 01:43:51 Notice: Notice (8): Undefined property: stdClass::$alias in [CORE/cake/libs/controller/controller.php, line 952]
2008-12-14 01:44:01 Notice: Notice (8): Undefined property: stdClass::$alias in [CORE/cake/libs/controller/controller.php, line 952]
2008-12-14 01:44:30 Notice: Notice (8): Undefined property: stdClass::$alias in [CORE/cake/libs/controller/controller.php, line 952]
2008-12-14 01:48:12 Notice: Notice (8): Undefined property: stdClass::$alias in [CORE/cake/libs/controller/controller.php, line 952]
2008-12-14 01:49:01 Notice: Notice (8): Undefined property: ContentController::$Content in [CORE/cake/libs/controller/controller.php, line 479]
2008-12-14 01:51:59 Notice: Notice (8): Undefined property: stdClass::$alias in [CORE/cake/libs/controller/controller.php, line 952]
2008-12-14 01:52:26 Notice: Notice (8): Undefined property: stdClass::$alias in [CORE/cake/libs/controller/controller.php, line 952]
2008-12-14 01:54:23 Notice: Notice (8): Undefined property: ContentController::$Config in [APP/app_controller.php, line 95]
2008-12-14 01:54:26 Notice: Notice (8): Undefined property: ContentController::$Config in [APP/app_controller.php, line 95]
2008-12-14 01:54:45 Notice: Notice (8): Undefined property: ContentController::$Config in [APP/app_controller.php, line 95]
2008-12-14 01:54:57 Notice: Notice (8): Undefined property: ContentController::$Config in [APP/app_controller.php, line 95]
2008-12-14 01:55:25 Notice: Notice (8): Undefined property: ContentController::$Config in [APP/app_controller.php, line 96]
2008-12-14 01:55:31 Notice: Notice (8): Undefined property: ContentController::$Config in [APP/app_controller.php, line 96]
2008-12-14 01:55:51 Notice: Notice (8): Undefined property: ContentController::$Config in [APP/app_controller.php, line 96]
2008-12-14 01:55:54 Notice: Notice (8): Undefined property: stdClass::$alias in [CORE/cake/libs/controller/controller.php, line 952]
2008-12-14 01:55:56 Notice: Notice (8): Undefined property: stdClass::$alias in [CORE/cake/libs/controller/controller.php, line 952]
2008-12-14 01:57:12 Notice: Notice (8): Undefined property: stdClass::$alias in [CORE/cake/libs/controller/controller.php, line 952]
2008-12-14 01:59:18 Notice: Notice (8): Undefined property: stdClass::$alias in [CORE/cake/libs/controller/controller.php, line 952]
2008-12-14 02:00:25 Notice: Notice (8): Undefined property: CakeErrorController::$Config in [APP/app_controller.php, line 95]
2008-12-14 02:02:03 Notice: Notice (8): Undefined index:  Content in [APP/views/content/admin_index.ctp, line 28]
2008-12-14 02:02:03 Notice: Notice (8): Undefined index:  Content in [APP/views/content/admin_index.ctp, line 31]
2008-12-14 02:02:03 Notice: Notice (8): Undefined index:  Content in [APP/views/content/admin_index.ctp, line 34]
2008-12-14 02:02:03 Notice: Notice (8): Undefined index:  Content in [APP/views/content/admin_index.ctp, line 37]
2008-12-14 02:02:03 Notice: Notice (8): Undefined index:  Content in [APP/views/content/admin_index.ctp, line 40]
2008-12-14 02:02:03 Notice: Notice (8): Undefined index:  Content in [APP/views/content/admin_index.ctp, line 43]
2008-12-14 02:02:03 Notice: Notice (8): Undefined index:  Content in [APP/views/content/admin_index.ctp, line 44]
2008-12-14 02:02:07 Notice: Notice (8): Undefined index:  Content in [APP/views/content/admin_index.ctp, line 28]
2008-12-14 02:02:07 Notice: Notice (8): Undefined index:  Content in [APP/views/content/admin_index.ctp, line 31]
2008-12-14 02:02:07 Notice: Notice (8): Undefined index:  Content in [APP/views/content/admin_index.ctp, line 34]
2008-12-14 02:02:07 Notice: Notice (8): Undefined index:  Content in [APP/views/content/admin_index.ctp, line 37]
2008-12-14 02:02:08 Notice: Notice (8): Undefined index:  Content in [APP/views/content/admin_index.ctp, line 40]
2008-12-14 02:02:08 Notice: Notice (8): Undefined index:  Content in [APP/views/content/admin_index.ctp, line 43]
2008-12-14 02:02:08 Notice: Notice (8): Undefined index:  Content in [APP/views/content/admin_index.ctp, line 44]
2008-12-14 02:07:12 Notice: Notice (8): Undefined index:  Content in [APP/views/content/admin_index.ctp, line 28]
2008-12-14 02:07:12 Notice: Notice (8): Undefined index:  Content in [APP/views/content/admin_index.ctp, line 31]
2008-12-14 02:07:12 Notice: Notice (8): Undefined index:  Content in [APP/views/content/admin_index.ctp, line 34]
2008-12-14 02:07:12 Notice: Notice (8): Undefined index:  Content in [APP/views/content/admin_index.ctp, line 37]
2008-12-14 02:07:12 Notice: Notice (8): Undefined index:  Content in [APP/views/content/admin_index.ctp, line 40]
2008-12-14 02:07:12 Notice: Notice (8): Undefined index:  Content in [APP/views/content/admin_index.ctp, line 43]
2008-12-14 02:07:12 Notice: Notice (8): Undefined index:  Content in [APP/views/content/admin_index.ctp, line 44]
2008-12-14 02:07:33 Notice: Notice (8): Undefined property: stdClass::$alias in [CORE/cake/libs/controller/controller.php, line 952]
2008-12-14 02:07:42 Notice: Notice (8): Undefined index:  Content in [APP/views/content/admin_index.ctp, line 28]
2008-12-14 02:07:42 Notice: Notice (8): Undefined index:  Content in [APP/views/content/admin_index.ctp, line 31]
2008-12-14 02:07:42 Notice: Notice (8): Undefined index:  Content in [APP/views/content/admin_index.ctp, line 34]
2008-12-14 02:07:42 Notice: Notice (8): Undefined index:  Content in [APP/views/content/admin_index.ctp, line 37]
2008-12-14 02:07:42 Notice: Notice (8): Undefined index:  Content in [APP/views/content/admin_index.ctp, line 40]
2008-12-14 02:07:42 Notice: Notice (8): Undefined index:  Content in [APP/views/content/admin_index.ctp, line 43]
2008-12-14 02:07:42 Notice: Notice (8): Undefined index:  Content in [APP/views/content/admin_index.ctp, line 44]
2008-12-14 02:07:53 Notice: Notice (8): Undefined property: ContentController::$Config in [APP/app_controller.php, line 95]
2008-12-14 02:10:00 Notice: Notice (8): Undefined property: CakeErrorController::$Config in [APP/app_controller.php, line 103]
2008-12-14 02:12:07 Notice: Notice (8): Undefined property: stdClass::$alias in [CORE/cake/libs/controller/controller.php, line 952]
2008-12-14 02:12:39 Notice: Notice (8): Undefined property: stdClass::$alias in [CORE/cake/libs/controller/controller.php, line 952]
2008-12-14 02:13:05 Notice: Notice (8): Undefined property: ContentController::$Config in [APP/app_controller.php, line 93]
2008-12-14 02:21:57 Notice: Notice (8): Undefined property: stdClass::$alias in [CORE/cake/libs/controller/controller.php, line 952]
2008-12-14 02:23:56 Notice: Notice (8): Undefined property: stdClass::$alias in [CORE/cake/libs/controller/controller.php, line 952]
2008-12-14 02:24:09 Notice: Notice (8): Undefined property: stdClass::$alias in [CORE/cake/libs/controller/controller.php, line 952]
2008-12-14 02:26:39 Notice: Notice (8): Undefined property: stdClass::$alias in [CORE/cake/libs/controller/controller.php, line 952]
2008-12-14 02:27:07 Notice: Notice (8): Undefined property: UsersController::$User in [APP/controllers/users_controller.php, line 29]
2008-12-14 02:39:14 Notice: Notice (8): Undefined index:  url in [APP/app_controller.php, line 62]
2008-12-14 02:39:42 Notice: Notice (8): Undefined index:  url in [APP/app_controller.php, line 63]
2008-12-14 02:56:28 Notice: Notice (8): Use of undefined constant Dispatcher - assumed 'Dispatcher' in [APP/app_controller.php, line 62]
2008-12-14 03:40:31 Notice: Notice (8): Undefined variable: paginator in [APP/views/links/admin_index.ctp, line 5]
2008-12-14 04:02:13 Notice: Notice (8): Use of undefined constant ‘title’ - assumed '‘title’' in [APP/views/content/rss/index.ctp, line 7]
2008-12-14 04:02:13 Notice: Notice (8): Use of undefined constant ‘link’ - assumed '‘link’' in [APP/views/content/rss/index.ctp, line 8]
2008-12-14 04:02:13 Notice: Notice (8): Use of undefined constant ’action’ - assumed '’action’' in [APP/views/content/rss/index.ctp, line 8]
2008-12-14 04:02:13 Notice: Notice (8): Use of undefined constant ‘view’ - assumed '‘view’' in [APP/views/content/rss/index.ctp, line 8]
2008-12-14 04:02:13 Notice: Notice (8): Use of undefined constant ‘guid’ - assumed '‘guid’' in [APP/views/content/rss/index.ctp, line 9]
2008-12-14 04:02:13 Notice: Notice (8): Use of undefined constant ’action’ - assumed '’action’' in [APP/views/content/rss/index.ctp, line 9]
2008-12-14 04:02:13 Notice: Notice (8): Use of undefined constant ‘view’ - assumed '‘view’' in [APP/views/content/rss/index.ctp, line 9]
2008-12-14 04:02:13 Notice: Notice (8): Use of undefined constant ‘description’ - assumed '‘description’' in [APP/views/content/rss/index.ctp, line 10]
2008-12-14 04:02:13 Notice: Notice (8): Use of undefined constant ‘author’ - assumed '‘author’' in [APP/views/content/rss/index.ctp, line 11]
2008-12-14 04:02:13 Notice: Notice (8): Use of undefined constant ‘pubDate’ - assumed '‘pubDate’' in [APP/views/content/rss/index.ctp, line 12]
2008-12-14 04:34:44 Notice: Notice (8): Undefined variable: site_name in [APP/views/layouts/admin.ctp, line 6]
2008-12-14 04:34:47 Notice: Notice (8): Undefined variable: site_name in [APP/views/layouts/admin.ctp, line 6]
2008-12-14 04:35:00 Notice: Notice (8): Undefined variable: site_name in [APP/views/layouts/admin.ctp, line 6]
2008-12-14 04:35:04 Notice: Notice (8): Undefined variable: site_name in [APP/views/layouts/admin.ctp, line 6]
2008-12-14 04:38:25 Notice: Notice (8): Undefined variable: site_name in [APP/views/layouts/admin.ctp, line 6]
