2008-12-12 19:43:39 Warning: Warning (512): <span style = "color:Red;text-align:left"><b>SQL Error:</b> 1054: Unknown column 'Comment.content_id' in 'field list'</span> in [CORE/cake/libs/model/datasources/dbo_source.php, line 514]
2008-12-12 19:43:39 Warning: Warning (2): Invalid argument supplied for foreach() in [CORE/cake/libs/model/datasources/dbo_source.php, line 904]
2008-12-13 15:48:18 Warning: Warning (512): <span style = "color:Red;text-align:left"><b>SQL Error:</b> 1064: You have an error in your SQL syntax; check the manual that corresponds to your MySQL server version for the right syntax to use near 'paginate' at line 1</span> in [CORE/cake/libs/model/datasources/dbo_source.php, line 514]
2008-12-13 15:48:18 Warning: Warning (512): <span style = "color:Red;text-align:left"><b>SQL Error:</b> 1064: You have an error in your SQL syntax; check the manual that corresponds to your MySQL server version for the right syntax to use near 'paginate' at line 1</span> in [CORE/cake/libs/model/datasources/dbo_source.php, line 514]
2008-12-13 15:51:20 Warning: Warning (2): Invalid argument supplied for foreach() in [APP/views/contents/admin_index.ctp, line 8]
2008-12-13 17:41:37 Warning: Warning (2): Cannot modify header information - headers already sent by (output started at /usr/local/apache/htdocs/cake/cake/basics.php:603) in [CORE/cake/libs/controller/controller.php, line 615]
2008-12-13 17:53:34 Warning: Warning (512): <span style = "color:Red;text-align:left"><b>SQL Error:</b> 1054: Unknown column 'lis1t' in 'where clause'</span> in [CORE/cake/libs/model/datasources/dbo_source.php, line 514]
2008-12-13 17:55:59 Warning: Warning (512): <span style = "color:Red;text-align:left"><b>SQL Error:</b> 1054: Unknown column 'Status.content_id' in 'on clause'</span> in [CORE/cake/libs/model/datasources/dbo_source.php, line 514]
2008-12-13 17:55:59 Warning: Warning (2): Invalid argument supplied for foreach() in [APP/views/contents/admin_index.ctp, line 18]
2008-12-13 18:31:25 Warning: Warning (512): Callback parentNode() not defined in User in [CORE/cake/libs/model/behaviors/acl.php, line 62]
2008-12-13 20:28:30 Warning: Warning (2): unlink(/usr/local/apache/htdocs/cake/pressmate/tmp/cache/models/cake_model_default_pressmate_list) [<a href='http://php.net/function.unlink'>function.unlink</a>]: No such file or directory in [CORE/cake/libs/file.php, line 292]
2008-12-13 21:21:02 Warning: Warning (2): array_merge() [<a href='http://php.net/function.array-merge'>function.array-merge</a>]: Argument #1 is not an array in [CORE/cake/libs/view/helpers/paginator.php, line 137]
2008-12-13 21:21:02 Warning: Warning (2): array_merge() [<a href='http://php.net/function.array-merge'>function.array-merge</a>]: Argument #2 is not an array in [CORE/cake/libs/view/helpers/paginator.php, line 137]
2008-12-13 21:21:02 Warning: Warning (2): array_merge() [<a href='http://php.net/function.array-merge'>function.array-merge</a>]: Argument #1 is not an array in [CORE/cake/libs/view/helpers/paginator.php, line 275]
2008-12-13 21:21:02 Warning: Warning (2): array_merge() [<a href='http://php.net/function.array-merge'>function.array-merge</a>]: Argument #2 is not an array in [CORE/cake/libs/view/helpers/paginator.php, line 275]
2008-12-13 21:21:08 Warning: Warning (2): array_merge() [<a href='http://php.net/function.array-merge'>function.array-merge</a>]: Argument #1 is not an array in [CORE/cake/libs/view/helpers/paginator.php, line 137]
2008-12-13 21:21:08 Warning: Warning (2): array_merge() [<a href='http://php.net/function.array-merge'>function.array-merge</a>]: Argument #2 is not an array in [CORE/cake/libs/view/helpers/paginator.php, line 137]
2008-12-13 21:21:08 Warning: Warning (2): array_merge() [<a href='http://php.net/function.array-merge'>function.array-merge</a>]: Argument #1 is not an array in [CORE/cake/libs/view/helpers/paginator.php, line 275]
2008-12-13 21:21:08 Warning: Warning (2): array_merge() [<a href='http://php.net/function.array-merge'>function.array-merge</a>]: Argument #2 is not an array in [CORE/cake/libs/view/helpers/paginator.php, line 275]
2008-12-13 21:34:07 Warning: Warning (2): Cannot modify header information - headers already sent by (output started at /usr/local/apache/htdocs/cake/cake/basics.php:108) in [CORE/cake/libs/controller/controller.php, line 617]
2008-12-13 21:38:25 Warning: Warning (2): Cannot modify header information - headers already sent by (output started at /usr/local/apache/htdocs/cake/cake/basics.php:108) in [CORE/cake/libs/controller/controller.php, line 615]
2008-12-13 21:51:57 Warning: Warning (2): array_merge() [<a href='http://php.net/function.array-merge'>function.array-merge</a>]: Argument #1 is not an array in [CORE/cake/libs/view/helpers/paginator.php, line 137]
2008-12-13 21:51:57 Warning: Warning (2): array_merge() [<a href='http://php.net/function.array-merge'>function.array-merge</a>]: Argument #2 is not an array in [CORE/cake/libs/view/helpers/paginator.php, line 137]
2008-12-13 21:51:57 Warning: Warning (2): array_merge() [<a href='http://php.net/function.array-merge'>function.array-merge</a>]: Argument #1 is not an array in [CORE/cake/libs/view/helpers/paginator.php, line 275]
2008-12-13 21:51:57 Warning: Warning (2): array_merge() [<a href='http://php.net/function.array-merge'>function.array-merge</a>]: Argument #2 is not an array in [CORE/cake/libs/view/helpers/paginator.php, line 275]
2008-12-13 21:53:06 Warning: Warning (2): array_merge() [<a href='http://php.net/function.array-merge'>function.array-merge</a>]: Argument #1 is not an array in [CORE/cake/libs/view/helpers/paginator.php, line 137]
2008-12-13 21:53:06 Warning: Warning (2): array_merge() [<a href='http://php.net/function.array-merge'>function.array-merge</a>]: Argument #2 is not an array in [CORE/cake/libs/view/helpers/paginator.php, line 137]
2008-12-13 21:53:06 Warning: Warning (2): array_merge() [<a href='http://php.net/function.array-merge'>function.array-merge</a>]: Argument #1 is not an array in [CORE/cake/libs/view/helpers/paginator.php, line 275]
2008-12-13 21:53:06 Warning: Warning (2): array_merge() [<a href='http://php.net/function.array-merge'>function.array-merge</a>]: Argument #2 is not an array in [CORE/cake/libs/view/helpers/paginator.php, line 275]
2008-12-13 21:53:30 Warning: Warning (2): array_merge() [<a href='http://php.net/function.array-merge'>function.array-merge</a>]: Argument #1 is not an array in [CORE/cake/libs/view/helpers/paginator.php, line 137]
2008-12-13 21:53:30 Warning: Warning (2): array_merge() [<a href='http://php.net/function.array-merge'>function.array-merge</a>]: Argument #2 is not an array in [CORE/cake/libs/view/helpers/paginator.php, line 137]
2008-12-13 21:53:30 Warning: Warning (2): array_merge() [<a href='http://php.net/function.array-merge'>function.array-merge</a>]: Argument #1 is not an array in [CORE/cake/libs/view/helpers/paginator.php, line 275]
2008-12-13 21:53:30 Warning: Warning (2): array_merge() [<a href='http://php.net/function.array-merge'>function.array-merge</a>]: Argument #2 is not an array in [CORE/cake/libs/view/helpers/paginator.php, line 275]
2008-12-13 21:53:40 Warning: Warning (2): array_merge() [<a href='http://php.net/function.array-merge'>function.array-merge</a>]: Argument #1 is not an array in [CORE/cake/libs/view/helpers/paginator.php, line 137]
2008-12-13 21:53:40 Warning: Warning (2): array_merge() [<a href='http://php.net/function.array-merge'>function.array-merge</a>]: Argument #2 is not an array in [CORE/cake/libs/view/helpers/paginator.php, line 137]
2008-12-13 21:53:40 Warning: Warning (2): array_merge() [<a href='http://php.net/function.array-merge'>function.array-merge</a>]: Argument #1 is not an array in [CORE/cake/libs/view/helpers/paginator.php, line 275]
2008-12-13 21:53:40 Warning: Warning (2): array_merge() [<a href='http://php.net/function.array-merge'>function.array-merge</a>]: Argument #2 is not an array in [CORE/cake/libs/view/helpers/paginator.php, line 275]
2008-12-13 21:54:14 Warning: Warning (2): array_merge() [<a href='http://php.net/function.array-merge'>function.array-merge</a>]: Argument #1 is not an array in [CORE/cake/libs/view/helpers/paginator.php, line 138]
2008-12-13 21:54:14 Warning: Warning (2): array_merge() [<a href='http://php.net/function.array-merge'>function.array-merge</a>]: Argument #2 is not an array in [CORE/cake/libs/view/helpers/paginator.php, line 138]
2008-12-13 21:54:14 Warning: Warning (2): array_merge() [<a href='http://php.net/function.array-merge'>function.array-merge</a>]: Argument #1 is not an array in [CORE/cake/libs/view/helpers/paginator.php, line 276]
2008-12-13 21:54:14 Warning: Warning (2): array_merge() [<a href='http://php.net/function.array-merge'>function.array-merge</a>]: Argument #2 is not an array in [CORE/cake/libs/view/helpers/paginator.php, line 276]
2008-12-13 21:54:54 Warning: Warning (2): array_merge() [<a href='http://php.net/function.array-merge'>function.array-merge</a>]: Argument #2 is not an array in [CORE/cake/libs/view/helpers/paginator.php, line 137]
2008-12-13 21:54:54 Warning: Warning (2): array_merge() [<a href='http://php.net/function.array-merge'>function.array-merge</a>]: Argument #1 is not an array in [CORE/cake/libs/view/helpers/paginator.php, line 275]
2008-12-13 21:54:54 Warning: Warning (2): array_merge() [<a href='http://php.net/function.array-merge'>function.array-merge</a>]: Argument #2 is not an array in [CORE/cake/libs/view/helpers/paginator.php, line 275]
2008-12-13 21:55:05 Warning: Warning (2): array_merge() [<a href='http://php.net/function.array-merge'>function.array-merge</a>]: Argument #1 is not an array in [CORE/cake/libs/view/helpers/paginator.php, line 275]
2008-12-13 21:55:05 Warning: Warning (2): array_merge() [<a href='http://php.net/function.array-merge'>function.array-merge</a>]: Argument #2 is not an array in [CORE/cake/libs/view/helpers/paginator.php, line 275]
2008-12-13 21:55:28 Warning: Warning (2): array_merge() [<a href='http://php.net/function.array-merge'>function.array-merge</a>]: Argument #1 is not an array in [CORE/cake/libs/view/helpers/paginator.php, line 137]
2008-12-13 21:55:28 Warning: Warning (2): array_merge() [<a href='http://php.net/function.array-merge'>function.array-merge</a>]: Argument #2 is not an array in [CORE/cake/libs/view/helpers/paginator.php, line 137]
2008-12-13 21:55:28 Warning: Warning (2): array_merge() [<a href='http://php.net/function.array-merge'>function.array-merge</a>]: Argument #1 is not an array in [CORE/cake/libs/view/helpers/paginator.php, line 275]
2008-12-13 21:55:28 Warning: Warning (2): array_merge() [<a href='http://php.net/function.array-merge'>function.array-merge</a>]: Argument #2 is not an array in [CORE/cake/libs/view/helpers/paginator.php, line 275]
2008-12-13 21:55:36 Warning: Warning (2): array_merge() [<a href='http://php.net/function.array-merge'>function.array-merge</a>]: Argument #1 is not an array in [CORE/cake/libs/view/helpers/paginator.php, line 137]
2008-12-13 21:55:36 Warning: Warning (2): array_merge() [<a href='http://php.net/function.array-merge'>function.array-merge</a>]: Argument #2 is not an array in [CORE/cake/libs/view/helpers/paginator.php, line 137]
2008-12-13 21:55:36 Warning: Warning (2): array_merge() [<a href='http://php.net/function.array-merge'>function.array-merge</a>]: Argument #1 is not an array in [CORE/cake/libs/view/helpers/paginator.php, line 275]
2008-12-13 21:55:36 Warning: Warning (2): array_merge() [<a href='http://php.net/function.array-merge'>function.array-merge</a>]: Argument #2 is not an array in [CORE/cake/libs/view/helpers/paginator.php, line 275]
2008-12-13 21:55:41 Warning: Warning (2): array_merge() [<a href='http://php.net/function.array-merge'>function.array-merge</a>]: Argument #1 is not an array in [CORE/cake/libs/view/helpers/paginator.php, line 137]
2008-12-13 21:55:41 Warning: Warning (2): array_merge() [<a href='http://php.net/function.array-merge'>function.array-merge</a>]: Argument #2 is not an array in [CORE/cake/libs/view/helpers/paginator.php, line 137]
2008-12-13 21:55:41 Warning: Warning (2): array_merge() [<a href='http://php.net/function.array-merge'>function.array-merge</a>]: Argument #1 is not an array in [CORE/cake/libs/view/helpers/paginator.php, line 275]
2008-12-13 21:55:41 Warning: Warning (2): array_merge() [<a href='http://php.net/function.array-merge'>function.array-merge</a>]: Argument #2 is not an array in [CORE/cake/libs/view/helpers/paginator.php, line 275]
2008-12-13 21:56:03 Warning: Warning (2): array_merge() [<a href='http://php.net/function.array-merge'>function.array-merge</a>]: Argument #1 is not an array in [CORE/cake/libs/view/helpers/paginator.php, line 137]
2008-12-13 21:56:03 Warning: Warning (2): array_merge() [<a href='http://php.net/function.array-merge'>function.array-merge</a>]: Argument #2 is not an array in [CORE/cake/libs/view/helpers/paginator.php, line 137]
2008-12-13 21:56:03 Warning: Warning (2): array_merge() [<a href='http://php.net/function.array-merge'>function.array-merge</a>]: Argument #1 is not an array in [CORE/cake/libs/view/helpers/paginator.php, line 275]
2008-12-13 21:56:03 Warning: Warning (2): array_merge() [<a href='http://php.net/function.array-merge'>function.array-merge</a>]: Argument #2 is not an array in [CORE/cake/libs/view/helpers/paginator.php, line 275]
2008-12-13 21:56:36 Warning: Warning (2): array_merge() [<a href='http://php.net/function.array-merge'>function.array-merge</a>]: Argument #1 is not an array in [CORE/cake/libs/view/helpers/paginator.php, line 137]
2008-12-13 21:56:36 Warning: Warning (2): array_merge() [<a href='http://php.net/function.array-merge'>function.array-merge</a>]: Argument #2 is not an array in [CORE/cake/libs/view/helpers/paginator.php, line 137]
2008-12-13 21:56:36 Warning: Warning (2): array_merge() [<a href='http://php.net/function.array-merge'>function.array-merge</a>]: Argument #1 is not an array in [CORE/cake/libs/view/helpers/paginator.php, line 275]
2008-12-13 21:56:36 Warning: Warning (2): array_merge() [<a href='http://php.net/function.array-merge'>function.array-merge</a>]: Argument #2 is not an array in [CORE/cake/libs/view/helpers/paginator.php, line 275]
2008-12-13 21:58:44 Warning: Warning (2): array_merge() [<a href='http://php.net/function.array-merge'>function.array-merge</a>]: Argument #1 is not an array in [CORE/cake/libs/view/helpers/paginator.php, line 137]
2008-12-13 21:58:44 Warning: Warning (2): array_merge() [<a href='http://php.net/function.array-merge'>function.array-merge</a>]: Argument #2 is not an array in [CORE/cake/libs/view/helpers/paginator.php, line 137]
2008-12-13 21:58:44 Warning: Warning (2): array_merge() [<a href='http://php.net/function.array-merge'>function.array-merge</a>]: Argument #1 is not an array in [CORE/cake/libs/view/helpers/paginator.php, line 275]
2008-12-13 21:58:44 Warning: Warning (2): array_merge() [<a href='http://php.net/function.array-merge'>function.array-merge</a>]: Argument #2 is not an array in [CORE/cake/libs/view/helpers/paginator.php, line 275]
2008-12-13 22:42:25 Warning: Warning (2): Cannot modify header information - headers already sent by (output started at /usr/local/apache/htdocs/cake/cake/basics.php:603) in [CORE/cake/libs/controller/controller.php, line 615]
2008-12-13 22:47:52 Warning: Warning (2): array_merge_recursive() [<a href='http://php.net/function.array-merge-recursive'>function.array-merge-recursive</a>]: Argument #1 is not an array in [CORE/cake/libs/view/view.php, line 342]
2008-12-13 22:47:52 Warning: Warning (2): array_merge() [<a href='http://php.net/function.array-merge'>function.array-merge</a>]: Argument #2 is not an array in [CORE/cake/libs/view/view.php, line 343]
2008-12-13 22:47:52 Warning: Warning (2): extract() [<a href='http://php.net/function.extract'>function.extract</a>]: First argument should be an array in [CORE/cake/libs/view/view.php, line 658]
2008-12-13 22:58:51 Warning: Warning (2): array_merge() [<a href='http://php.net/function.array-merge'>function.array-merge</a>]: Argument #1 is not an array in [CORE/cake/libs/view/helpers/paginator.php, line 137]
2008-12-13 22:58:51 Warning: Warning (2): array_merge() [<a href='http://php.net/function.array-merge'>function.array-merge</a>]: Argument #2 is not an array in [CORE/cake/libs/view/helpers/paginator.php, line 137]
2008-12-13 22:58:51 Warning: Warning (2): array_merge() [<a href='http://php.net/function.array-merge'>function.array-merge</a>]: Argument #1 is not an array in [CORE/cake/libs/view/helpers/paginator.php, line 275]
2008-12-13 22:58:51 Warning: Warning (2): array_merge() [<a href='http://php.net/function.array-merge'>function.array-merge</a>]: Argument #2 is not an array in [CORE/cake/libs/view/helpers/paginator.php, line 275]
2008-12-13 23:05:00 Warning: Warning (2): array_merge() [<a href='http://php.net/function.array-merge'>function.array-merge</a>]: Argument #1 is not an array in [CORE/cake/libs/view/helpers/paginator.php, line 137]
2008-12-13 23:05:00 Warning: Warning (2): array_merge() [<a href='http://php.net/function.array-merge'>function.array-merge</a>]: Argument #2 is not an array in [CORE/cake/libs/view/helpers/paginator.php, line 137]
2008-12-13 23:05:00 Warning: Warning (2): array_merge() [<a href='http://php.net/function.array-merge'>function.array-merge</a>]: Argument #1 is not an array in [CORE/cake/libs/view/helpers/paginator.php, line 275]
2008-12-13 23:05:00 Warning: Warning (2): array_merge() [<a href='http://php.net/function.array-merge'>function.array-merge</a>]: Argument #2 is not an array in [CORE/cake/libs/view/helpers/paginator.php, line 275]
2008-12-13 23:23:06 Warning: Warning (2): array_merge() [<a href='http://php.net/function.array-merge'>function.array-merge</a>]: Argument #1 is not an array in [CORE/cake/libs/view/helpers/paginator.php, line 137]
2008-12-13 23:23:06 Warning: Warning (2): array_merge() [<a href='http://php.net/function.array-merge'>function.array-merge</a>]: Argument #2 is not an array in [CORE/cake/libs/view/helpers/paginator.php, line 137]
2008-12-13 23:23:06 Warning: Warning (2): array_merge() [<a href='http://php.net/function.array-merge'>function.array-merge</a>]: Argument #1 is not an array in [CORE/cake/libs/view/helpers/paginator.php, line 275]
2008-12-13 23:23:06 Warning: Warning (2): array_merge() [<a href='http://php.net/function.array-merge'>function.array-merge</a>]: Argument #2 is not an array in [CORE/cake/libs/view/helpers/paginator.php, line 275]
2008-12-14 00:03:49 Warning: Warning (2): extract() [<a href='http://php.net/function.extract'>function.extract</a>]: First argument should be an array in [APP/controllers/install_controller.php, line 15]
2008-12-14 00:06:33 Warning: Warning (2): mysql_connect() [<a href='http://php.net/function.mysql-connect'>function.mysql-connect</a>]: Access denied for user 'jeff'@'localhost' (using password: YES) in [CORE/cake/libs/model/datasources/dbo/dbo_mysql.php, line 370]
2008-12-14 00:06:33 Warning: Warning (2): mysql_select_db(): supplied argument is not a valid MySQL-Link resource in [CORE/cake/libs/model/datasources/dbo/dbo_mysql.php, line 375]
2008-12-14 00:06:33 Warning: Warning (2): mysql_get_server_info(): supplied argument is not a valid MySQL-Link resource in [CORE/cake/libs/model/datasources/dbo/dbo_mysql.php, line 383]
2008-12-14 00:06:33 Warning: Warning (2): mysql_query(): supplied argument is not a valid MySQL-Link resource in [CORE/cake/libs/model/datasources/dbo/dbo_mysql.php, line 407]
2008-12-14 00:06:33 Warning: Warning (2): mysql_errno(): supplied argument is not a valid MySQL-Link resource in [CORE/cake/libs/model/datasources/dbo/dbo_mysql.php, line 515]
2008-12-14 00:06:33 Warning: Warning (2): Invalid argument supplied for foreach() in [CORE/cake/libs/model/datasources/dbo/dbo_mysql.php, line 447]
2008-12-14 00:06:33 Warning: Warning (2): array_keys() [<a href='http://php.net/function.array-keys'>function.array-keys</a>]: The first argument should be an array in [CORE/cake/libs/model/datasources/dbo_source.php, line 1654]
2008-12-14 00:06:33 Warning: Warning (2): array_filter() [<a href='http://php.net/function.array-filter'>function.array-filter</a>]: The first argument should be an array in [CORE/cake/libs/model/datasources/dbo_source.php, line 1658]
2008-12-14 00:06:33 Warning: Warning (2): array_values() [<a href='http://php.net/function.array-values'>function.array-values</a>]: The argument should be an array in [CORE/cake/libs/model/datasources/dbo_source.php, line 1658]
2008-12-14 00:06:34 Warning: Warning (2): array_unique() [<a href='http://php.net/function.array-unique'>function.array-unique</a>]: The argument should be an array in [CORE/cake/libs/model/datasources/dbo_source.php, line 1714]
2008-12-14 00:06:34 Warning: Warning (2): array_unique() [<a href='http://php.net/function.array-unique'>function.array-unique</a>]: The argument should be an array in [CORE/cake/libs/model/datasources/dbo_source.php, line 1046]
2008-12-14 00:06:34 Warning: Warning (2): join() [<a href='http://php.net/function.join'>function.join</a>]: Invalid arguments passed in [CORE/cake/libs/model/datasources/dbo_source.php, line 1259]
2008-12-14 00:26:46 Warning: Warning (2): date() expects at least 1 parameter, 0 given in [APP/controllers/install_controller.php, line 20]
2008-12-14 00:26:46 Warning: Warning (2): Cannot modify header information - headers already sent by (output started at /usr/local/apache/htdocs/cake/cake/basics.php:111) in [CORE/cake/libs/controller/controller.php, line 615]
2008-12-14 00:35:28 Warning: Warning (2): mysql_connect() [<a href='http://php.net/function.mysql-connect'>function.mysql-connect</a>]: Access denied for user 'jeff'@'localhost' (using password: YES) in [CORE/cake/libs/model/datasources/dbo/dbo_mysql.php, line 370]
2008-12-14 00:35:28 Warning: Warning (2): mysql_select_db(): supplied argument is not a valid MySQL-Link resource in [CORE/cake/libs/model/datasources/dbo/dbo_mysql.php, line 375]
2008-12-14 00:35:28 Warning: Warning (2): mysql_get_server_info(): supplied argument is not a valid MySQL-Link resource in [CORE/cake/libs/model/datasources/dbo/dbo_mysql.php, line 383]
2008-12-14 00:35:28 Warning: Warning (2): mysql_query(): supplied argument is not a valid MySQL-Link resource in [CORE/cake/libs/model/datasources/dbo/dbo_mysql.php, line 407]
2008-12-14 00:35:28 Warning: Warning (2): mysql_errno(): supplied argument is not a valid MySQL-Link resource in [CORE/cake/libs/model/datasources/dbo/dbo_mysql.php, line 515]
2008-12-14 00:35:28 Warning: Warning (2): Invalid argument supplied for foreach() in [CORE/cake/libs/model/datasources/dbo/dbo_mysql.php, line 447]
2008-12-14 00:35:28 Warning: Warning (2): array_keys() [<a href='http://php.net/function.array-keys'>function.array-keys</a>]: The first argument should be an array in [CORE/cake/libs/model/datasources/dbo_source.php, line 1654]
2008-12-14 00:35:28 Warning: Warning (2): array_filter() [<a href='http://php.net/function.array-filter'>function.array-filter</a>]: The first argument should be an array in [CORE/cake/libs/model/datasources/dbo_source.php, line 1658]
2008-12-14 00:35:28 Warning: Warning (2): array_values() [<a href='http://php.net/function.array-values'>function.array-values</a>]: The argument should be an array in [CORE/cake/libs/model/datasources/dbo_source.php, line 1658]
2008-12-14 00:35:28 Warning: Warning (2): array_unique() [<a href='http://php.net/function.array-unique'>function.array-unique</a>]: The argument should be an array in [CORE/cake/libs/model/datasources/dbo_source.php, line 1714]
2008-12-14 00:35:28 Warning: Warning (2): array_unique() [<a href='http://php.net/function.array-unique'>function.array-unique</a>]: The argument should be an array in [CORE/cake/libs/model/datasources/dbo_source.php, line 1046]
2008-12-14 00:35:29 Warning: Warning (2): join() [<a href='http://php.net/function.join'>function.join</a>]: Invalid arguments passed in [CORE/cake/libs/model/datasources/dbo_source.php, line 1259]
2008-12-14 00:37:30 Warning: Warning (512): <span style = "color:Red;text-align:left"><b>SQL Error:</b> 1062: Duplicate entry 'jeff' for key 2</span> in [CORE/cake/libs/model/datasources/dbo_source.php, line 514]
2008-12-14 00:37:30 Warning: Warning (2): Cannot modify header information - headers already sent by (output started at /usr/local/apache/htdocs/cake/cake/basics.php:111) in [CORE/cake/libs/controller/controller.php, line 615]
2008-12-14 00:38:19 Warning: Warning (2): array_merge() [<a href='http://php.net/function.array-merge'>function.array-merge</a>]: Argument #1 is not an array in [CORE/cake/libs/view/helpers/paginator.php, line 137]
2008-12-14 00:38:19 Warning: Warning (2): array_merge() [<a href='http://php.net/function.array-merge'>function.array-merge</a>]: Argument #2 is not an array in [CORE/cake/libs/view/helpers/paginator.php, line 137]
2008-12-14 00:38:19 Warning: Warning (2): array_merge() [<a href='http://php.net/function.array-merge'>function.array-merge</a>]: Argument #1 is not an array in [CORE/cake/libs/view/helpers/paginator.php, line 275]
2008-12-14 00:38:19 Warning: Warning (2): array_merge() [<a href='http://php.net/function.array-merge'>function.array-merge</a>]: Argument #2 is not an array in [CORE/cake/libs/view/helpers/paginator.php, line 275]
2008-12-14 00:43:50 Warning: Warning (2): array_merge() [<a href='http://php.net/function.array-merge'>function.array-merge</a>]: Argument #1 is not an array in [CORE/cake/libs/view/helpers/paginator.php, line 137]
2008-12-14 00:43:50 Warning: Warning (2): array_merge() [<a href='http://php.net/function.array-merge'>function.array-merge</a>]: Argument #2 is not an array in [CORE/cake/libs/view/helpers/paginator.php, line 137]
2008-12-14 00:43:50 Warning: Warning (2): array_merge() [<a href='http://php.net/function.array-merge'>function.array-merge</a>]: Argument #1 is not an array in [CORE/cake/libs/view/helpers/paginator.php, line 275]
2008-12-14 00:43:50 Warning: Warning (2): array_merge() [<a href='http://php.net/function.array-merge'>function.array-merge</a>]: Argument #2 is not an array in [CORE/cake/libs/view/helpers/paginator.php, line 275]
2008-12-14 00:49:07 Warning: Warning (2): array_merge() [<a href='http://php.net/function.array-merge'>function.array-merge</a>]: Argument #1 is not an array in [CORE/cake/libs/view/helpers/paginator.php, line 137]
2008-12-14 00:49:07 Warning: Warning (2): array_merge() [<a href='http://php.net/function.array-merge'>function.array-merge</a>]: Argument #2 is not an array in [CORE/cake/libs/view/helpers/paginator.php, line 137]
2008-12-14 00:49:07 Warning: Warning (2): array_merge() [<a href='http://php.net/function.array-merge'>function.array-merge</a>]: Argument #1 is not an array in [CORE/cake/libs/view/helpers/paginator.php, line 275]
2008-12-14 00:49:07 Warning: Warning (2): array_merge() [<a href='http://php.net/function.array-merge'>function.array-merge</a>]: Argument #2 is not an array in [CORE/cake/libs/view/helpers/paginator.php, line 275]
2008-12-14 00:49:41 Warning: Warning (2): array_merge() [<a href='http://php.net/function.array-merge'>function.array-merge</a>]: Argument #1 is not an array in [CORE/cake/libs/view/helpers/paginator.php, line 137]
2008-12-14 00:49:41 Warning: Warning (2): array_merge() [<a href='http://php.net/function.array-merge'>function.array-merge</a>]: Argument #2 is not an array in [CORE/cake/libs/view/helpers/paginator.php, line 137]
2008-12-14 00:49:41 Warning: Warning (2): array_merge() [<a href='http://php.net/function.array-merge'>function.array-merge</a>]: Argument #1 is not an array in [CORE/cake/libs/view/helpers/paginator.php, line 275]
2008-12-14 00:49:41 Warning: Warning (2): array_merge() [<a href='http://php.net/function.array-merge'>function.array-merge</a>]: Argument #2 is not an array in [CORE/cake/libs/view/helpers/paginator.php, line 275]
2008-12-14 00:49:45 Warning: Warning (2): array_merge() [<a href='http://php.net/function.array-merge'>function.array-merge</a>]: Argument #1 is not an array in [CORE/cake/libs/view/helpers/paginator.php, line 137]
2008-12-14 00:49:45 Warning: Warning (2): array_merge() [<a href='http://php.net/function.array-merge'>function.array-merge</a>]: Argument #2 is not an array in [CORE/cake/libs/view/helpers/paginator.php, line 137]
2008-12-14 00:49:45 Warning: Warning (2): array_merge() [<a href='http://php.net/function.array-merge'>function.array-merge</a>]: Argument #1 is not an array in [CORE/cake/libs/view/helpers/paginator.php, line 275]
2008-12-14 00:49:45 Warning: Warning (2): array_merge() [<a href='http://php.net/function.array-merge'>function.array-merge</a>]: Argument #2 is not an array in [CORE/cake/libs/view/helpers/paginator.php, line 275]
2008-12-14 00:50:19 Warning: Warning (2): array_merge() [<a href='http://php.net/function.array-merge'>function.array-merge</a>]: Argument #1 is not an array in [CORE/cake/libs/view/helpers/paginator.php, line 137]
2008-12-14 00:50:19 Warning: Warning (2): array_merge() [<a href='http://php.net/function.array-merge'>function.array-merge</a>]: Argument #2 is not an array in [CORE/cake/libs/view/helpers/paginator.php, line 137]
2008-12-14 00:50:19 Warning: Warning (2): array_merge() [<a href='http://php.net/function.array-merge'>function.array-merge</a>]: Argument #1 is not an array in [CORE/cake/libs/view/helpers/paginator.php, line 275]
2008-12-14 00:50:19 Warning: Warning (2): array_merge() [<a href='http://php.net/function.array-merge'>function.array-merge</a>]: Argument #2 is not an array in [CORE/cake/libs/view/helpers/paginator.php, line 275]
2008-12-14 00:50:32 Warning: Warning (2): array_merge() [<a href='http://php.net/function.array-merge'>function.array-merge</a>]: Argument #1 is not an array in [CORE/cake/libs/view/helpers/paginator.php, line 137]
2008-12-14 00:50:32 Warning: Warning (2): array_merge() [<a href='http://php.net/function.array-merge'>function.array-merge</a>]: Argument #2 is not an array in [CORE/cake/libs/view/helpers/paginator.php, line 137]
2008-12-14 00:50:32 Warning: Warning (2): array_merge() [<a href='http://php.net/function.array-merge'>function.array-merge</a>]: Argument #1 is not an array in [CORE/cake/libs/view/helpers/paginator.php, line 275]
2008-12-14 00:50:32 Warning: Warning (2): array_merge() [<a href='http://php.net/function.array-merge'>function.array-merge</a>]: Argument #2 is not an array in [CORE/cake/libs/view/helpers/paginator.php, line 275]
2008-12-14 00:50:35 Warning: Warning (2): array_merge() [<a href='http://php.net/function.array-merge'>function.array-merge</a>]: Argument #1 is not an array in [CORE/cake/libs/view/helpers/paginator.php, line 137]
2008-12-14 00:50:35 Warning: Warning (2): array_merge() [<a href='http://php.net/function.array-merge'>function.array-merge</a>]: Argument #2 is not an array in [CORE/cake/libs/view/helpers/paginator.php, line 137]
2008-12-14 00:50:35 Warning: Warning (2): array_merge() [<a href='http://php.net/function.array-merge'>function.array-merge</a>]: Argument #1 is not an array in [CORE/cake/libs/view/helpers/paginator.php, line 275]
2008-12-14 00:50:35 Warning: Warning (2): array_merge() [<a href='http://php.net/function.array-merge'>function.array-merge</a>]: Argument #2 is not an array in [CORE/cake/libs/view/helpers/paginator.php, line 275]
2008-12-14 00:50:51 Warning: Warning (2): array_merge() [<a href='http://php.net/function.array-merge'>function.array-merge</a>]: Argument #1 is not an array in [CORE/cake/libs/view/helpers/paginator.php, line 137]
2008-12-14 00:50:51 Warning: Warning (2): array_merge() [<a href='http://php.net/function.array-merge'>function.array-merge</a>]: Argument #2 is not an array in [CORE/cake/libs/view/helpers/paginator.php, line 137]
2008-12-14 00:50:51 Warning: Warning (2): array_merge() [<a href='http://php.net/function.array-merge'>function.array-merge</a>]: Argument #1 is not an array in [CORE/cake/libs/view/helpers/paginator.php, line 275]
2008-12-14 00:50:51 Warning: Warning (2): array_merge() [<a href='http://php.net/function.array-merge'>function.array-merge</a>]: Argument #2 is not an array in [CORE/cake/libs/view/helpers/paginator.php, line 275]
2008-12-14 00:50:55 Warning: Warning (2): array_merge() [<a href='http://php.net/function.array-merge'>function.array-merge</a>]: Argument #1 is not an array in [CORE/cake/libs/view/helpers/paginator.php, line 137]
2008-12-14 00:50:55 Warning: Warning (2): array_merge() [<a href='http://php.net/function.array-merge'>function.array-merge</a>]: Argument #2 is not an array in [CORE/cake/libs/view/helpers/paginator.php, line 137]
2008-12-14 00:50:55 Warning: Warning (2): array_merge() [<a href='http://php.net/function.array-merge'>function.array-merge</a>]: Argument #1 is not an array in [CORE/cake/libs/view/helpers/paginator.php, line 275]
2008-12-14 00:50:55 Warning: Warning (2): array_merge() [<a href='http://php.net/function.array-merge'>function.array-merge</a>]: Argument #2 is not an array in [CORE/cake/libs/view/helpers/paginator.php, line 275]
2008-12-14 00:51:04 Warning: Warning (2): array_merge() [<a href='http://php.net/function.array-merge'>function.array-merge</a>]: Argument #1 is not an array in [CORE/cake/libs/view/helpers/paginator.php, line 137]
2008-12-14 00:51:04 Warning: Warning (2): array_merge() [<a href='http://php.net/function.array-merge'>function.array-merge</a>]: Argument #2 is not an array in [CORE/cake/libs/view/helpers/paginator.php, line 137]
2008-12-14 00:51:04 Warning: Warning (2): array_merge() [<a href='http://php.net/function.array-merge'>function.array-merge</a>]: Argument #1 is not an array in [CORE/cake/libs/view/helpers/paginator.php, line 275]
2008-12-14 00:51:04 Warning: Warning (2): array_merge() [<a href='http://php.net/function.array-merge'>function.array-merge</a>]: Argument #2 is not an array in [CORE/cake/libs/view/helpers/paginator.php, line 275]
2008-12-14 00:51:13 Warning: Warning (2): array_merge() [<a href='http://php.net/function.array-merge'>function.array-merge</a>]: Argument #1 is not an array in [CORE/cake/libs/view/helpers/paginator.php, line 137]
2008-12-14 00:51:13 Warning: Warning (2): array_merge() [<a href='http://php.net/function.array-merge'>function.array-merge</a>]: Argument #2 is not an array in [CORE/cake/libs/view/helpers/paginator.php, line 137]
2008-12-14 00:51:13 Warning: Warning (2): array_merge() [<a href='http://php.net/function.array-merge'>function.array-merge</a>]: Argument #1 is not an array in [CORE/cake/libs/view/helpers/paginator.php, line 275]
2008-12-14 00:51:13 Warning: Warning (2): array_merge() [<a href='http://php.net/function.array-merge'>function.array-merge</a>]: Argument #2 is not an array in [CORE/cake/libs/view/helpers/paginator.php, line 275]
2008-12-14 00:51:25 Warning: Warning (2): array_merge() [<a href='http://php.net/function.array-merge'>function.array-merge</a>]: Argument #1 is not an array in [CORE/cake/libs/view/helpers/paginator.php, line 137]
2008-12-14 00:51:25 Warning: Warning (2): array_merge() [<a href='http://php.net/function.array-merge'>function.array-merge</a>]: Argument #2 is not an array in [CORE/cake/libs/view/helpers/paginator.php, line 137]
2008-12-14 00:51:25 Warning: Warning (2): array_merge() [<a href='http://php.net/function.array-merge'>function.array-merge</a>]: Argument #1 is not an array in [CORE/cake/libs/view/helpers/paginator.php, line 275]
2008-12-14 00:51:25 Warning: Warning (2): array_merge() [<a href='http://php.net/function.array-merge'>function.array-merge</a>]: Argument #2 is not an array in [CORE/cake/libs/view/helpers/paginator.php, line 275]
2008-12-14 00:51:39 Warning: Warning (2): array_merge() [<a href='http://php.net/function.array-merge'>function.array-merge</a>]: Argument #1 is not an array in [CORE/cake/libs/view/helpers/paginator.php, line 137]
2008-12-14 00:51:39 Warning: Warning (2): array_merge() [<a href='http://php.net/function.array-merge'>function.array-merge</a>]: Argument #2 is not an array in [CORE/cake/libs/view/helpers/paginator.php, line 137]
2008-12-14 00:51:39 Warning: Warning (2): array_merge() [<a href='http://php.net/function.array-merge'>function.array-merge</a>]: Argument #1 is not an array in [CORE/cake/libs/view/helpers/paginator.php, line 275]
2008-12-14 00:51:39 Warning: Warning (2): array_merge() [<a href='http://php.net/function.array-merge'>function.array-merge</a>]: Argument #2 is not an array in [CORE/cake/libs/view/helpers/paginator.php, line 275]
2008-12-14 01:01:36 Warning: Warning (2): Missing argument 1 for Router::parse(), called in /usr/local/apache/htdocs/cake/pressmate/app_controller.php on line 64 and defined in [CORE/cake/libs/router.php, line 400]
2008-12-14 01:39:30 Error: Array
(
    [url] => install
)

2008-12-14 01:39:30 Error: Array
(
    [url] => install
)

2008-12-14 01:39:30 Error: Array
(
    [url] => install
)

2008-12-14 01:39:30 Error: Array
(
    [url] => install
)

2008-12-14 01:39:30 Error: Array
(
    [url] => install
)

2008-12-14 01:39:30 Error: Array
(
    [url] => install
)

2008-12-14 01:39:30 Error: Array
(
    [url] => install
)

2008-12-14 01:39:30 Error: Array
(
    [url] => install
)

2008-12-14 01:39:30 Error: Array
(
    [url] => install
)

2008-12-14 01:39:30 Error: Array
(
    [url] => install
)

2008-12-14 01:39:30 Error: Array
(
    [url] => install
)

2008-12-14 01:39:30 Error: Array
(
    [url] => install
)

2008-12-14 01:39:30 Error: Array
(
    [url] => install
)

2008-12-14 01:39:30 Error: Array
(
    [url] => install
)

2008-12-14 01:39:30 Error: Array
(
    [url] => install
)

2008-12-14 01:39:31 Error: Array
(
    [url] => install
)

2008-12-14 01:39:31 Error: Array
(
    [url] => install
)

2008-12-14 01:39:31 Error: Array
(
    [url] => install
)

2008-12-14 01:39:31 Error: Array
(
    [url] => install
)

2008-12-14 01:39:31 Error: Array
(
    [url] => install
)

2008-12-14 01:39:31 Error: Array
(
    [url] => install
)

2008-12-14 01:39:46 Error: Array
(
    [url] => install
)

2008-12-14 01:39:46 Error: Array
(
    [url] => install
)

2008-12-14 01:39:46 Error: Array
(
    [url] => install
)

2008-12-14 01:39:46 Error: Array
(
    [url] => install
)

2008-12-14 01:39:46 Error: Array
(
    [url] => install
)

2008-12-14 01:39:46 Error: Array
(
    [url] => install
)

2008-12-14 01:39:46 Error: Array
(
    [url] => install
)

2008-12-14 01:39:46 Error: Array
(
    [url] => install
)

2008-12-14 01:39:46 Error: Array
(
    [url] => install
)

2008-12-14 01:39:46 Error: Array
(
    [url] => install
)

2008-12-14 01:39:47 Error: Array
(
    [url] => install
)

2008-12-14 01:39:47 Error: Array
(
    [url] => install
)

2008-12-14 01:39:47 Error: Array
(
    [url] => install
)

2008-12-14 01:39:47 Error: Array
(
    [url] => install
)

2008-12-14 01:39:47 Error: Array
(
    [url] => install
)

2008-12-14 01:39:47 Error: Array
(
    [url] => install
)

2008-12-14 01:39:47 Error: Array
(
    [url] => install
)

2008-12-14 01:39:47 Error: Array
(
    [url] => install
)

2008-12-14 01:39:47 Error: Array
(
    [url] => install
)

2008-12-14 01:39:47 Error: Array
(
    [url] => install
)

2008-12-14 01:39:47 Error: Array
(
    [url] => install
)

2008-12-14 01:41:26 Warning: Warning (512): <span style = "color:Red;text-align:left"><b>SQL Error:</b> 1062: Duplicate entry '1' for key 1</span> in [CORE/cake/libs/model/datasources/dbo_source.php, line 514]
2008-12-14 01:41:58 Warning: Warning (512): <span style = "color:Red;text-align:left"><b>SQL Error:</b> 1062: Duplicate entry '1' for key 1</span> in [CORE/cake/libs/model/datasources/dbo_source.php, line 514]
2008-12-14 01:42:09 Warning: Warning (512): <span style = "color:Red;text-align:left"><b>SQL Error:</b> 1054: Unknown column 'Content.status_id' in 'where clause'</span> in [CORE/cake/libs/model/datasources/dbo_source.php, line 514]
2008-12-14 01:42:09 Warning: Warning (2): Invalid argument supplied for foreach() in [APP/views/content/index.ctp, line 26]
2008-12-14 01:42:09 Warning: Warning (512): <span style = "color:Red;text-align:left"><b>SQL Error:</b> 1054: Unknown column 'Content.status_id' in 'where clause'</span> in [CORE/cake/libs/model/datasources/dbo_source.php, line 514]
2008-12-14 01:42:09 Warning: Warning (2): Invalid argument supplied for foreach() in [APP/views/content/index.ctp, line 26]
2008-12-14 01:42:26 Warning: Warning (512): <span style = "color:Red;text-align:left"><b>SQL Error:</b> 1054: Unknown column 'Content.status_id' in 'where clause'</span> in [CORE/cake/libs/model/datasources/dbo_source.php, line 514]
2008-12-14 01:42:26 Warning: Warning (2): Invalid argument supplied for foreach() in [APP/views/content/index.ctp, line 26]
2008-12-14 01:42:29 Warning: Warning (512): <span style = "color:Red;text-align:left"><b>SQL Error:</b> 1054: Unknown column 'Content.status_id' in 'where clause'</span> in [CORE/cake/libs/model/datasources/dbo_source.php, line 514]
2008-12-14 01:42:29 Warning: Warning (2): Invalid argument supplied for foreach() in [APP/views/content/index.ctp, line 26]
2008-12-14 01:56:50 Warning: Warning (512): <span style = "color:Red;text-align:left"><b>SQL Error:</b> 1062: Duplicate entry '1' for key 1</span> in [CORE/cake/libs/model/datasources/dbo_source.php, line 514]
2008-12-14 01:57:02 Warning: Warning (512): <span style = "color:Red;text-align:left"><b>SQL Error:</b> 1062: Duplicate entry 'jeff' for key 2</span> in [CORE/cake/libs/model/datasources/dbo_source.php, line 514]
2008-12-14 01:57:02 Warning: Warning (2): Cannot modify header information - headers already sent by (output started at /usr/local/apache/htdocs/cake/cake/basics.php:111) in [CORE/cake/libs/controller/controller.php, line 615]
2008-12-14 01:59:18 Warning: Warning (2): array_merge() [<a href='http://php.net/function.array-merge'>function.array-merge</a>]: Argument #1 is not an array in [APP/app_controller.php, line 45]
2008-12-14 02:00:25 Warning: Warning (2): mysql_connect() [<a href='http://php.net/function.mysql-connect'>function.mysql-connect</a>]: Access denied for user 'jeff'@'localhost' (using password: YES) in [CORE/cake/libs/model/datasources/dbo/dbo_mysql.php, line 370]
2008-12-14 02:00:25 Warning: Warning (2): mysql_select_db(): supplied argument is not a valid MySQL-Link resource in [CORE/cake/libs/model/datasources/dbo/dbo_mysql.php, line 375]
2008-12-14 02:00:25 Warning: Warning (2): mysql_get_server_info(): supplied argument is not a valid MySQL-Link resource in [CORE/cake/libs/model/datasources/dbo/dbo_mysql.php, line 383]
2008-12-14 02:00:25 Warning: Warning (2): mysql_query(): supplied argument is not a valid MySQL-Link resource in [CORE/cake/libs/model/datasources/dbo/dbo_mysql.php, line 407]
2008-12-14 02:01:11 Warning: Warning (2): array_merge() [<a href='http://php.net/function.array-merge'>function.array-merge</a>]: Argument #1 is not an array in [CORE/cake/libs/view/helpers/paginator.php, line 137]
2008-12-14 02:01:11 Warning: Warning (2): array_merge() [<a href='http://php.net/function.array-merge'>function.array-merge</a>]: Argument #2 is not an array in [CORE/cake/libs/view/helpers/paginator.php, line 137]
2008-12-14 02:01:11 Warning: Warning (2): array_merge() [<a href='http://php.net/function.array-merge'>function.array-merge</a>]: Argument #1 is not an array in [CORE/cake/libs/view/helpers/paginator.php, line 275]
2008-12-14 02:01:11 Warning: Warning (2): array_merge() [<a href='http://php.net/function.array-merge'>function.array-merge</a>]: Argument #2 is not an array in [CORE/cake/libs/view/helpers/paginator.php, line 275]
2008-12-14 02:02:05 Warning: Warning (2): array_merge() [<a href='http://php.net/function.array-merge'>function.array-merge</a>]: Argument #1 is not an array in [CORE/cake/libs/view/helpers/paginator.php, line 137]
2008-12-14 02:02:05 Warning: Warning (2): array_merge() [<a href='http://php.net/function.array-merge'>function.array-merge</a>]: Argument #2 is not an array in [CORE/cake/libs/view/helpers/paginator.php, line 137]
2008-12-14 02:02:05 Warning: Warning (2): array_merge() [<a href='http://php.net/function.array-merge'>function.array-merge</a>]: Argument #1 is not an array in [CORE/cake/libs/view/helpers/paginator.php, line 275]
2008-12-14 02:02:05 Warning: Warning (2): array_merge() [<a href='http://php.net/function.array-merge'>function.array-merge</a>]: Argument #2 is not an array in [CORE/cake/libs/view/helpers/paginator.php, line 275]
2008-12-14 02:11:55 Warning: Warning (512): <span style = "color:Red;text-align:left"><b>SQL Error:</b> 1062: Duplicate entry '1' for key 1</span> in [CORE/cake/libs/model/datasources/dbo_source.php, line 514]
2008-12-14 02:21:46 Warning: Warning (512): <span style = "color:Red;text-align:left"><b>SQL Error:</b> 1062: Duplicate entry '1' for key 1</span> in [CORE/cake/libs/model/datasources/dbo_source.php, line 514]
2008-12-14 02:27:17 Warning: Warning (2): array_merge() [<a href='http://php.net/function.array-merge'>function.array-merge</a>]: Argument #1 is not an array in [CORE/cake/libs/view/helpers/paginator.php, line 137]
2008-12-14 02:27:17 Warning: Warning (2): array_merge() [<a href='http://php.net/function.array-merge'>function.array-merge</a>]: Argument #2 is not an array in [CORE/cake/libs/view/helpers/paginator.php, line 137]
2008-12-14 02:27:17 Warning: Warning (2): array_merge() [<a href='http://php.net/function.array-merge'>function.array-merge</a>]: Argument #1 is not an array in [CORE/cake/libs/view/helpers/paginator.php, line 275]
2008-12-14 02:27:17 Warning: Warning (2): array_merge() [<a href='http://php.net/function.array-merge'>function.array-merge</a>]: Argument #2 is not an array in [CORE/cake/libs/view/helpers/paginator.php, line 275]
2008-12-14 02:27:20 Warning: Warning (2): array_merge() [<a href='http://php.net/function.array-merge'>function.array-merge</a>]: Argument #1 is not an array in [CORE/cake/libs/view/helpers/paginator.php, line 137]
2008-12-14 02:27:20 Warning: Warning (2): array_merge() [<a href='http://php.net/function.array-merge'>function.array-merge</a>]: Argument #2 is not an array in [CORE/cake/libs/view/helpers/paginator.php, line 137]
2008-12-14 02:27:20 Warning: Warning (2): array_merge() [<a href='http://php.net/function.array-merge'>function.array-merge</a>]: Argument #1 is not an array in [CORE/cake/libs/view/helpers/paginator.php, line 275]
2008-12-14 02:27:20 Warning: Warning (2): array_merge() [<a href='http://php.net/function.array-merge'>function.array-merge</a>]: Argument #2 is not an array in [CORE/cake/libs/view/helpers/paginator.php, line 275]
2008-12-14 02:27:32 Warning: Warning (2): array_merge() [<a href='http://php.net/function.array-merge'>function.array-merge</a>]: Argument #1 is not an array in [CORE/cake/libs/view/helpers/paginator.php, line 137]
2008-12-14 02:27:32 Warning: Warning (2): array_merge() [<a href='http://php.net/function.array-merge'>function.array-merge</a>]: Argument #2 is not an array in [CORE/cake/libs/view/helpers/paginator.php, line 137]
2008-12-14 02:27:32 Warning: Warning (2): array_merge() [<a href='http://php.net/function.array-merge'>function.array-merge</a>]: Argument #1 is not an array in [CORE/cake/libs/view/helpers/paginator.php, line 275]
2008-12-14 02:27:32 Warning: Warning (2): array_merge() [<a href='http://php.net/function.array-merge'>function.array-merge</a>]: Argument #2 is not an array in [CORE/cake/libs/view/helpers/paginator.php, line 275]
2008-12-14 02:27:54 Warning: Warning (2): array_merge() [<a href='http://php.net/function.array-merge'>function.array-merge</a>]: Argument #1 is not an array in [CORE/cake/libs/view/helpers/paginator.php, line 137]
2008-12-14 02:27:54 Warning: Warning (2): array_merge() [<a href='http://php.net/function.array-merge'>function.array-merge</a>]: Argument #2 is not an array in [CORE/cake/libs/view/helpers/paginator.php, line 137]
2008-12-14 02:27:54 Warning: Warning (2): array_merge() [<a href='http://php.net/function.array-merge'>function.array-merge</a>]: Argument #1 is not an array in [CORE/cake/libs/view/helpers/paginator.php, line 275]
2008-12-14 02:27:54 Warning: Warning (2): array_merge() [<a href='http://php.net/function.array-merge'>function.array-merge</a>]: Argument #2 is not an array in [CORE/cake/libs/view/helpers/paginator.php, line 275]
2008-12-14 02:39:42 Warning: Warning (2): Cannot modify header information - headers already sent by (output started at /usr/local/apache/htdocs/cake/cake/basics.php:111) in [CORE/cake/libs/controller/controller.php, line 615]
2008-12-14 02:58:47 Warning: Warning (2): Wrong parameter count for strstr() in [APP/app_controller.php, line 63]
2008-12-14 03:02:33 Warning: Warning (2): array_merge() [<a href='http://php.net/function.array-merge'>function.array-merge</a>]: Argument #1 is not an array in [CORE/cake/libs/view/helpers/paginator.php, line 137]
2008-12-14 03:02:33 Warning: Warning (2): array_merge() [<a href='http://php.net/function.array-merge'>function.array-merge</a>]: Argument #2 is not an array in [CORE/cake/libs/view/helpers/paginator.php, line 137]
2008-12-14 03:02:33 Warning: Warning (2): array_merge() [<a href='http://php.net/function.array-merge'>function.array-merge</a>]: Argument #1 is not an array in [CORE/cake/libs/view/helpers/paginator.php, line 275]
2008-12-14 03:02:33 Warning: Warning (2): array_merge() [<a href='http://php.net/function.array-merge'>function.array-merge</a>]: Argument #2 is not an array in [CORE/cake/libs/view/helpers/paginator.php, line 275]
2008-12-14 03:03:54 Warning: Warning (2): array_merge() [<a href='http://php.net/function.array-merge'>function.array-merge</a>]: Argument #1 is not an array in [CORE/cake/libs/view/helpers/paginator.php, line 137]
2008-12-14 03:03:54 Warning: Warning (2): array_merge() [<a href='http://php.net/function.array-merge'>function.array-merge</a>]: Argument #2 is not an array in [CORE/cake/libs/view/helpers/paginator.php, line 137]
2008-12-14 03:03:54 Warning: Warning (2): array_merge() [<a href='http://php.net/function.array-merge'>function.array-merge</a>]: Argument #1 is not an array in [CORE/cake/libs/view/helpers/paginator.php, line 275]
2008-12-14 03:03:54 Warning: Warning (2): array_merge() [<a href='http://php.net/function.array-merge'>function.array-merge</a>]: Argument #2 is not an array in [CORE/cake/libs/view/helpers/paginator.php, line 275]
2008-12-14 03:05:29 Warning: Warning (2): array_merge() [<a href='http://php.net/function.array-merge'>function.array-merge</a>]: Argument #1 is not an array in [CORE/cake/libs/view/helpers/paginator.php, line 137]
2008-12-14 03:05:29 Warning: Warning (2): array_merge() [<a href='http://php.net/function.array-merge'>function.array-merge</a>]: Argument #2 is not an array in [CORE/cake/libs/view/helpers/paginator.php, line 137]
2008-12-14 03:05:29 Warning: Warning (2): array_merge() [<a href='http://php.net/function.array-merge'>function.array-merge</a>]: Argument #1 is not an array in [CORE/cake/libs/view/helpers/paginator.php, line 275]
2008-12-14 03:05:29 Warning: Warning (2): array_merge() [<a href='http://php.net/function.array-merge'>function.array-merge</a>]: Argument #2 is not an array in [CORE/cake/libs/view/helpers/paginator.php, line 275]
2008-12-14 03:07:16 Warning: Warning (2): array_merge() [<a href='http://php.net/function.array-merge'>function.array-merge</a>]: Argument #1 is not an array in [CORE/cake/libs/view/helpers/paginator.php, line 137]
2008-12-14 03:07:16 Warning: Warning (2): array_merge() [<a href='http://php.net/function.array-merge'>function.array-merge</a>]: Argument #2 is not an array in [CORE/cake/libs/view/helpers/paginator.php, line 137]
2008-12-14 03:07:16 Warning: Warning (2): array_merge() [<a href='http://php.net/function.array-merge'>function.array-merge</a>]: Argument #1 is not an array in [CORE/cake/libs/view/helpers/paginator.php, line 275]
2008-12-14 03:07:16 Warning: Warning (2): array_merge() [<a href='http://php.net/function.array-merge'>function.array-merge</a>]: Argument #2 is not an array in [CORE/cake/libs/view/helpers/paginator.php, line 275]
2008-12-14 03:31:26 Warning: Warning (2): array_merge() [<a href='http://php.net/function.array-merge'>function.array-merge</a>]: Argument #1 is not an array in [CORE/cake/libs/view/helpers/paginator.php, line 137]
2008-12-14 03:31:26 Warning: Warning (2): array_merge() [<a href='http://php.net/function.array-merge'>function.array-merge</a>]: Argument #2 is not an array in [CORE/cake/libs/view/helpers/paginator.php, line 137]
2008-12-14 03:31:26 Warning: Warning (2): array_merge() [<a href='http://php.net/function.array-merge'>function.array-merge</a>]: Argument #1 is not an array in [CORE/cake/libs/view/helpers/paginator.php, line 275]
2008-12-14 03:31:26 Warning: Warning (2): array_merge() [<a href='http://php.net/function.array-merge'>function.array-merge</a>]: Argument #2 is not an array in [CORE/cake/libs/view/helpers/paginator.php, line 275]
2008-12-14 03:38:28 Warning: Warning (2): array_merge() [<a href='http://php.net/function.array-merge'>function.array-merge</a>]: Argument #1 is not an array in [CORE/cake/libs/view/helpers/paginator.php, line 137]
2008-12-14 03:38:28 Warning: Warning (2): array_merge() [<a href='http://php.net/function.array-merge'>function.array-merge</a>]: Argument #2 is not an array in [CORE/cake/libs/view/helpers/paginator.php, line 137]
2008-12-14 03:38:28 Warning: Warning (2): array_merge() [<a href='http://php.net/function.array-merge'>function.array-merge</a>]: Argument #1 is not an array in [CORE/cake/libs/view/helpers/paginator.php, line 275]
2008-12-14 03:38:28 Warning: Warning (2): array_merge() [<a href='http://php.net/function.array-merge'>function.array-merge</a>]: Argument #2 is not an array in [CORE/cake/libs/view/helpers/paginator.php, line 275]
2008-12-14 03:40:43 Warning: Warning (2): array_merge() [<a href='http://php.net/function.array-merge'>function.array-merge</a>]: Argument #1 is not an array in [CORE/cake/libs/view/helpers/paginator.php, line 137]
2008-12-14 03:40:43 Warning: Warning (2): array_merge() [<a href='http://php.net/function.array-merge'>function.array-merge</a>]: Argument #2 is not an array in [CORE/cake/libs/view/helpers/paginator.php, line 137]
2008-12-14 03:40:43 Warning: Warning (2): array_merge() [<a href='http://php.net/function.array-merge'>function.array-merge</a>]: Argument #1 is not an array in [CORE/cake/libs/view/helpers/paginator.php, line 275]
2008-12-14 03:40:43 Warning: Warning (2): array_merge() [<a href='http://php.net/function.array-merge'>function.array-merge</a>]: Argument #2 is not an array in [CORE/cake/libs/view/helpers/paginator.php, line 275]
2008-12-14 03:47:31 Warning: Warning (2): array_merge() [<a href='http://php.net/function.array-merge'>function.array-merge</a>]: Argument #1 is not an array in [CORE/cake/libs/view/helpers/paginator.php, line 137]
2008-12-14 03:47:31 Warning: Warning (2): array_merge() [<a href='http://php.net/function.array-merge'>function.array-merge</a>]: Argument #2 is not an array in [CORE/cake/libs/view/helpers/paginator.php, line 137]
2008-12-14 03:47:31 Warning: Warning (2): array_merge() [<a href='http://php.net/function.array-merge'>function.array-merge</a>]: Argument #1 is not an array in [CORE/cake/libs/view/helpers/paginator.php, line 275]
2008-12-14 03:47:31 Warning: Warning (2): array_merge() [<a href='http://php.net/function.array-merge'>function.array-merge</a>]: Argument #2 is not an array in [CORE/cake/libs/view/helpers/paginator.php, line 275]
2008-12-14 04:12:50 Warning: Warning (2): Cannot use a scalar value as an array in [CORE/cake/libs/view/helpers/html.php, line 447]
2008-12-14 04:34:47 Warning: Warning (2): array_merge() [<a href='http://php.net/function.array-merge'>function.array-merge</a>]: Argument #1 is not an array in [CORE/cake/libs/view/helpers/paginator.php, line 137]
2008-12-14 04:34:47 Warning: Warning (2): array_merge() [<a href='http://php.net/function.array-merge'>function.array-merge</a>]: Argument #2 is not an array in [CORE/cake/libs/view/helpers/paginator.php, line 137]
2008-12-14 04:34:47 Warning: Warning (2): array_merge() [<a href='http://php.net/function.array-merge'>function.array-merge</a>]: Argument #1 is not an array in [CORE/cake/libs/view/helpers/paginator.php, line 275]
2008-12-14 04:34:47 Warning: Warning (2): array_merge() [<a href='http://php.net/function.array-merge'>function.array-merge</a>]: Argument #2 is not an array in [CORE/cake/libs/view/helpers/paginator.php, line 275]
2008-12-14 05:23:31 Warning: Warning (2): array_merge() [<a href='http://php.net/function.array-merge'>function.array-merge</a>]: Argument #1 is not an array in [CORE/cake/libs/view/helpers/paginator.php, line 137]
2008-12-14 05:23:31 Warning: Warning (2): array_merge() [<a href='http://php.net/function.array-merge'>function.array-merge</a>]: Argument #2 is not an array in [CORE/cake/libs/view/helpers/paginator.php, line 137]
2008-12-14 05:23:31 Warning: Warning (2): array_merge() [<a href='http://php.net/function.array-merge'>function.array-merge</a>]: Argument #1 is not an array in [CORE/cake/libs/view/helpers/paginator.php, line 275]
2008-12-14 05:23:31 Warning: Warning (2): array_merge() [<a href='http://php.net/function.array-merge'>function.array-merge</a>]: Argument #2 is not an array in [CORE/cake/libs/view/helpers/paginator.php, line 275]
